<?xml version="1.0" encoding="UTF-8"?>
<!-- Generated by org.testng.reporters.JUnitReportReporter -->
<testsuite hostname="DESKTOP-N0KKL74" failures="0" tests="1" name="scripts.Testacse1" time="9.854" errors="0" timestamp="2022-01-07T14:37:00 IST" skipped="0">
  <testcase classname="scripts.Testacse1" name="tc1" time="9.854"/>
  <system-out/>
</testsuite> <!-- scripts.Testacse1 -->
